Using pre-set license
Built from '2022.3/staging' branch; Version is '2022.3.8f1 (b5eafc012955) revision 11922172'; Using compiler version '192829333'; Build Type 'Release'
OS: 'Windows 11  (10.0.22621) 64bit CoreSingleLanguage' Language: 'en' Physical Memory: 15791 MB
BatchMode: 1, IsHumanControllingUs: 0, StartBugReporterOnCrash: 0, Is64bit: 1, IsPro: 1

COMMAND LINE ARGUMENTS:
C:\Program Files\Unity\Hub\Editor\2022.3.8f1\Editor\Unity.exe
-adb2
-batchMode
-noUpm
-name
AssetImportWorker2
-projectPath
L:/Doc unity project/snake game
-logFile
Logs/AssetImportWorker2.log
-srvPort
50778
Successfully changed project path to: L:/Doc unity project/snake game
L:/Doc unity project/snake game
[UnityMemory] Configuration Parameters - Can be set up in boot.config
    "memorysetup-bucket-allocator-granularity=16"
    "memorysetup-bucket-allocator-bucket-count=8"
    "memorysetup-bucket-allocator-block-size=33554432"
    "memorysetup-bucket-allocator-block-count=8"
    "memorysetup-main-allocator-block-size=16777216"
    "memorysetup-thread-allocator-block-size=16777216"
    "memorysetup-gfx-main-allocator-block-size=16777216"
    "memorysetup-gfx-thread-allocator-block-size=16777216"
    "memorysetup-cache-allocator-block-size=4194304"
    "memorysetup-typetree-allocator-block-size=2097152"
    "memorysetup-profiler-bucket-allocator-granularity=16"
    "memorysetup-profiler-bucket-allocator-bucket-count=8"
    "memorysetup-profiler-bucket-allocator-block-size=33554432"
    "memorysetup-profiler-bucket-allocator-block-count=8"
    "memorysetup-profiler-allocator-block-size=16777216"
    "memorysetup-profiler-editor-allocator-block-size=1048576"
    "memorysetup-temp-allocator-size-main=16777216"
    "memorysetup-job-temp-allocator-block-size=2097152"
    "memorysetup-job-temp-allocator-block-size-background=1048576"
    "memorysetup-job-temp-allocator-reduction-small-platforms=262144"
    "memorysetup-allocator-temp-initial-block-size-main=262144"
    "memorysetup-allocator-temp-initial-block-size-worker=262144"
    "memorysetup-temp-allocator-size-background-worker=32768"
    "memorysetup-temp-allocator-size-job-worker=262144"
    "memorysetup-temp-allocator-size-preload-manager=33554432"
    "memorysetup-temp-allocator-size-nav-mesh-worker=65536"
    "memorysetup-temp-allocator-size-audio-worker=65536"
    "memorysetup-temp-allocator-size-cloud-worker=32768"
    "memorysetup-temp-allocator-size-gi-baking-worker=262144"
    "memorysetup-temp-allocator-size-gfx=262144"
Player connection [21732] Host "[IP] 192.168.2.244 [Port] 0 [Flags] 2 [Guid] 3248848707 [EditorId] 3248848707 [Version] 1048832 [Id] WindowsEditor(7,rogkkiss) [Debug] 1 [PackageName] WindowsEditor [ProjectName] Editor" joined multi-casting on [225.0.0.222:54997]...

Player connection [21732] Host "[IP] 192.168.2.244 [Port] 0 [Flags] 2 [Guid] 3248848707 [EditorId] 3248848707 [Version] 1048832 [Id] WindowsEditor(7,rogkkiss) [Debug] 1 [PackageName] WindowsEditor [ProjectName] Editor" joined alternative multi-casting on [225.0.0.222:34997]...

[Physics::Module] Initialized MultithreadedJobDispatcher with 15 workers.
Refreshing native plugins compatible for Editor in 10.48 ms, found 4 plugins.
Preloading 0 native plugins for Editor in 0.00 ms.
Initialize engine version: 2022.3.8f1 (b5eafc012955)
[Subsystems] Discovering subsystems at path C:/Program Files/Unity/Hub/Editor/2022.3.8f1/Editor/Data/Resources/UnitySubsystems
[Subsystems] Discovering subsystems at path L:/Doc unity project/snake game/Assets
GfxDevice: creating device client; threaded=0; jobified=0
Direct3D:
    Version:  Direct3D 11.0 [level 11.1]
    Renderer: NVIDIA GeForce RTX 3050 Ti Laptop GPU (ID=0x25a0)
    Vendor:   NVIDIA
    VRAM:     3976 MB
    Driver:   31.0.15.3713
Initialize mono
Mono path[0] = 'C:/Program Files/Unity/Hub/Editor/2022.3.8f1/Editor/Data/Managed'
Mono path[1] = 'C:/Program Files/Unity/Hub/Editor/2022.3.8f1/Editor/Data/MonoBleedingEdge/lib/mono/unityjit-win32'
Mono config path = 'C:/Program Files/Unity/Hub/Editor/2022.3.8f1/Editor/Data/MonoBleedingEdge/etc'
Using monoOptions --debugger-agent=transport=dt_socket,embedding=1,server=y,suspend=n,address=127.0.0.1:56672
Begin MonoManager ReloadAssembly
Registering precompiled unity dll's ...
Register platform support module: C:/Program Files/Unity/Hub/Editor/2022.3.8f1/Editor/Data/PlaybackEngines/WebGLSupport/UnityEditor.WebGL.Extensions.dll
Register platform support module: C:/Program Files/Unity/Hub/Editor/2022.3.8f1/Editor/Data/PlaybackEngines/WindowsStandaloneSupport/UnityEditor.WindowsStandalone.Extensions.dll
Registered in 0.007954 seconds.
- Loaded All Assemblies, in  0.471 seconds
Native extension for WindowsStandalone target not found
Native extension for WebGL target not found
Mono: successfully reloaded assembly
- Finished resetting the current domain, in  0.288 seconds
Domain Reload Profiling: 758ms
	BeginReloadAssembly (193ms)
		ExecutionOrderSort (0ms)
		DisableScriptedObjects (0ms)
		BackupInstance (0ms)
		ReleaseScriptingObjects (0ms)
		CreateAndSetChildDomain (2ms)
	RebuildCommonClasses (41ms)
	RebuildNativeTypeToScriptingClass (11ms)
	initialDomainReloadingComplete (59ms)
	LoadAllAssembliesAndSetupDomain (165ms)
		LoadAssemblies (190ms)
		RebuildTransferFunctionScriptingTraits (0ms)
		AnalyzeDomain (162ms)
			TypeCache.Refresh (161ms)
				TypeCache.ScanAssembly (147ms)
			ScanForSourceGeneratedMonoScriptInfo (0ms)
			ResolveRequiredComponents (1ms)
	FinalizeReload (289ms)
		ReleaseScriptCaches (0ms)
		RebuildScriptCaches (0ms)
		SetupLoadedEditorAssemblies (226ms)
			LogAssemblyErrors (0ms)
			InitializePlatformSupportModulesInManaged (14ms)
			SetLoadedEditorAssemblies (7ms)
			RefreshPlugins (0ms)
			BeforeProcessingInitializeOnLoad (2ms)
			ProcessInitializeOnLoadAttributes (151ms)
			ProcessInitializeOnLoadMethodAttributes (52ms)
			AfterProcessingInitializeOnLoad (0ms)
			EditorAssembliesLoaded (0ms)
		ExecutionOrderSort2 (0ms)
		AwakeInstancesAfterBackupRestoration (0ms)
========================================================================
Worker process is ready to serve import requests
Begin MonoManager ReloadAssembly
- Loaded All Assemblies, in  0.726 seconds
Refreshing native plugins compatible for Editor in 4.48 ms, found 4 plugins.
Native extension for WindowsStandalone target not found
Native extension for WebGL target not found
Package Manager log level set to [2]
[Package Manager] Server::EnsureServerProcessIsRunning -- launch failed, reason: Unity was launched with the -noUpm command-line argument
[Package Manager] UpmClient::Send -- Unable to send message (not connected to UPM process).
[Package Manager] Cannot connect to Unity Package Manager local server
Mono: successfully reloaded assembly
- Finished resetting the current domain, in  0.640 seconds
Domain Reload Profiling: 1364ms
	BeginReloadAssembly (184ms)
		ExecutionOrderSort (0ms)
		DisableScriptedObjects (5ms)
		BackupInstance (0ms)
		ReleaseScriptingObjects (0ms)
		CreateAndSetChildDomain (28ms)
	RebuildCommonClasses (39ms)
	RebuildNativeTypeToScriptingClass (11ms)
	initialDomainReloadingComplete (56ms)
	LoadAllAssembliesAndSetupDomain (434ms)
		LoadAssemblies (367ms)
		RebuildTransferFunctionScriptingTraits (0ms)
		AnalyzeDomain (174ms)
			TypeCache.Refresh (145ms)
				TypeCache.ScanAssembly (128ms)
			ScanForSourceGeneratedMonoScriptInfo (23ms)
			ResolveRequiredComponents (5ms)
	FinalizeReload (640ms)
		ReleaseScriptCaches (0ms)
		RebuildScriptCaches (0ms)
		SetupLoadedEditorAssemblies (463ms)
			LogAssemblyErrors (0ms)
			InitializePlatformSupportModulesInManaged (8ms)
			SetLoadedEditorAssemblies (3ms)
			RefreshPlugins (0ms)
			BeforeProcessingInitializeOnLoad (70ms)
			ProcessInitializeOnLoadAttributes (338ms)
			ProcessInitializeOnLoadMethodAttributes (36ms)
			AfterProcessingInitializeOnLoad (7ms)
			EditorAssembliesLoaded (0ms)
		ExecutionOrderSort2 (0ms)
		AwakeInstancesAfterBackupRestoration (8ms)
Launched and connected shader compiler UnityShaderCompiler.exe after 0.08 seconds
Refreshing native plugins compatible for Editor in 4.81 ms, found 4 plugins.
Preloading 0 native plugins for Editor in 0.00 ms.
Unloading 4005 Unused Serialized files (Serialized files now loaded: 0)
Unloading 69 unused Assets / (244.6 KB). Loaded Objects now: 4461.
Memory consumption went from 136.5 MB to 136.2 MB.
Total: 4.706900 ms (FindLiveObjects: 0.516300 ms CreateObjectMapping: 0.300200 ms MarkObjects: 3.647300 ms  DeleteObjects: 0.241000 ms)

AssetImportParameters requested are different than current active one (requested -> active):
  custom:container-demuxer-ogg: 62fdf1f143b41e24485cea50d1cbac27 -> 
  custom:video-codec-MediaFoundation-h265: 746d11721c4dcdbdad8f713fa42b33f4 -> 
  custom:video-decoder-ogg-theora: a1e56fd34408186e4bbccfd4996cb3dc -> 
  custom:framework-win-MediaFoundation: 216162199b28c13a410421893ffa2e32 -> 
  custom:scripting/monoscript/fileName/Sankescrips.cs: bf8163fa926c00ade6c4ef66216edd62 -> 
  custom:CustomObjectIndexerAttribute: 756ad292c208cfabdd7b50bc23989ffe -> 
  custom:container-demuxer-webm: 4f35f7cbe854078d1ac9338744f61a02 -> 
  custom:container-muxer-webm: aa71ff27fc2769a1b78a27578f13a17b -> 
  custom:video-decoder-webm-vp8: 9c59270c3fd7afecdb556c50c9e8de78 -> 
  custom:SearchIndexIgnoredProperties: e643bd26f0fe6173181afceb89e7c659 -> 
  custom:AudioImporter_EditorPlatform: d09bf68614088b80899f8185d706f6e7 -> 
  custom:video-encoder-webm-vp8: eb34c28f22e8b96e1ab97ce403110664 -> 
  custom:audio-decoder-ogg-vorbis: bf7c407c2cedff20999df2af8eb42d56 -> 
  custom:audio-encoder-webm-vorbis: bf7c407c2cedff20999df2af8eb42d56 -> 
  custom:scripting/monoscript/fileName/Sanke.cs: bf8163fa926c00ade6c4ef66216edd62 -> 
========================================================================
Received Prepare
Begin MonoManager ReloadAssembly
- Loaded All Assemblies, in  0.600 seconds
Refreshing native plugins compatible for Editor in 4.94 ms, found 4 plugins.
Native extension for WindowsStandalone target not found
Native extension for WebGL target not found
[Package Manager] Server::EnsureServerProcessIsRunning -- launch failed, reason: Unity was launched with the -noUpm command-line argument
[Package Manager] UpmClient::Send -- Unable to send message (not connected to UPM process).
[Package Manager] Cannot connect to Unity Package Manager local server
Mono: successfully reloaded assembly
- Finished resetting the current domain, in  1.270 seconds
Domain Reload Profiling: 1868ms
	BeginReloadAssembly (175ms)
		ExecutionOrderSort (0ms)
		DisableScriptedObjects (14ms)
		BackupInstance (0ms)
		ReleaseScriptingObjects (0ms)
		CreateAndSetChildDomain (42ms)
	RebuildCommonClasses (49ms)
	RebuildNativeTypeToScriptingClass (13ms)
	initialDomainReloadingComplete (37ms)
	LoadAllAssembliesAndSetupDomain (323ms)
		LoadAssemblies (394ms)
		RebuildTransferFunctionScriptingTraits (0ms)
		AnalyzeDomain (17ms)
			TypeCache.Refresh (9ms)
				TypeCache.ScanAssembly (0ms)
			ScanForSourceGeneratedMonoScriptInfo (0ms)
			ResolveRequiredComponents (7ms)
	FinalizeReload (1271ms)
		ReleaseScriptCaches (0ms)
		RebuildScriptCaches (0ms)
		SetupLoadedEditorAssemblies (496ms)
			LogAssemblyErrors (0ms)
			InitializePlatformSupportModulesInManaged (8ms)
			SetLoadedEditorAssemblies (4ms)
			RefreshPlugins (0ms)
			BeforeProcessingInitializeOnLoad (78ms)
			ProcessInitializeOnLoadAttributes (358ms)
			ProcessInitializeOnLoadMethodAttributes (40ms)
			AfterProcessingInitializeOnLoad (7ms)
			EditorAssembliesLoaded (0ms)
		ExecutionOrderSort2 (0ms)
		AwakeInstancesAfterBackupRestoration (15ms)
Refreshing native plugins compatible for Editor in 5.96 ms, found 4 plugins.
Preloading 0 native plugins for Editor in 0.00 ms.
Unloading 4000 Unused Serialized files (Serialized files now loaded: 0)
Unloading 41 unused Assets / (216.8 KB). Loaded Objects now: 4466.
Memory consumption went from 135.1 MB to 134.9 MB.
Total: 6.808600 ms (FindLiveObjects: 0.640900 ms CreateObjectMapping: 0.137000 ms MarkObjects: 5.455000 ms  DeleteObjects: 0.571900 ms)

Prepare: number of updated asset objects reloaded= 0
AssetImportParameters requested are different than current active one (requested -> active):
  custom:container-demuxer-ogg: 62fdf1f143b41e24485cea50d1cbac27 -> 
  custom:video-codec-MediaFoundation-h265: 746d11721c4dcdbdad8f713fa42b33f4 -> 
  custom:video-decoder-ogg-theora: a1e56fd34408186e4bbccfd4996cb3dc -> 
  custom:framework-win-MediaFoundation: 216162199b28c13a410421893ffa2e32 -> 
  custom:scripting/monoscript/fileName/Sankescrips.cs: bf8163fa926c00ade6c4ef66216edd62 -> 
  custom:CustomObjectIndexerAttribute: 756ad292c208cfabdd7b50bc23989ffe -> 
  custom:container-demuxer-webm: 4f35f7cbe854078d1ac9338744f61a02 -> 
  custom:container-muxer-webm: aa71ff27fc2769a1b78a27578f13a17b -> 
  custom:video-decoder-webm-vp8: 9c59270c3fd7afecdb556c50c9e8de78 -> 
  custom:SearchIndexIgnoredProperties: e643bd26f0fe6173181afceb89e7c659 -> 
  custom:AudioImporter_EditorPlatform: d09bf68614088b80899f8185d706f6e7 -> 
  custom:video-encoder-webm-vp8: eb34c28f22e8b96e1ab97ce403110664 -> 
  custom:audio-decoder-ogg-vorbis: bf7c407c2cedff20999df2af8eb42d56 -> 
  custom:audio-encoder-webm-vorbis: bf7c407c2cedff20999df2af8eb42d56 -> 
  custom:scripting/monoscript/fileName/Sanke.cs: bf8163fa926c00ade6c4ef66216edd62 -> 
========================================================================
Received Prepare
Begin MonoManager ReloadAssembly
- Loaded All Assemblies, in  0.864 seconds
Refreshing native plugins compatible for Editor in 3.82 ms, found 4 plugins.
Native extension for WindowsStandalone target not found
Native extension for WebGL target not found
[Package Manager] Server::EnsureServerProcessIsRunning -- launch failed, reason: Unity was launched with the -noUpm command-line argument
[Package Manager] UpmClient::Send -- Unable to send message (not connected to UPM process).
[Package Manager] Cannot connect to Unity Package Manager local server
Mono: successfully reloaded assembly
- Finished resetting the current domain, in  2.036 seconds
Domain Reload Profiling: 2896ms
	BeginReloadAssembly (245ms)
		ExecutionOrderSort (0ms)
		DisableScriptedObjects (25ms)
		BackupInstance (0ms)
		ReleaseScriptingObjects (0ms)
		CreateAndSetChildDomain (70ms)
	RebuildCommonClasses (43ms)
	RebuildNativeTypeToScriptingClass (13ms)
	initialDomainReloadingComplete (67ms)
	LoadAllAssembliesAndSetupDomain (492ms)
		LoadAssemblies (555ms)
		RebuildTransferFunctionScriptingTraits (0ms)
		AnalyzeDomain (46ms)
			TypeCache.Refresh (14ms)
				TypeCache.ScanAssembly (0ms)
			ScanForSourceGeneratedMonoScriptInfo (12ms)
			ResolveRequiredComponents (19ms)
	FinalizeReload (2036ms)
		ReleaseScriptCaches (0ms)
		RebuildScriptCaches (0ms)
		SetupLoadedEditorAssemblies (425ms)
			LogAssemblyErrors (0ms)
			InitializePlatformSupportModulesInManaged (8ms)
			SetLoadedEditorAssemblies (3ms)
			RefreshPlugins (0ms)
			BeforeProcessingInitializeOnLoad (73ms)
			ProcessInitializeOnLoadAttributes (298ms)
			ProcessInitializeOnLoadMethodAttributes (35ms)
			AfterProcessingInitializeOnLoad (7ms)
			EditorAssembliesLoaded (0ms)
		ExecutionOrderSort2 (0ms)
		AwakeInstancesAfterBackupRestoration (12ms)
Refreshing native plugins compatible for Editor in 4.18 ms, found 4 plugins.
Preloading 0 native plugins for Editor in 0.00 ms.
Unloading 4007 Unused Serialized files (Serialized files now loaded: 0)
Unloading 43 unused Assets / (272.3 KB). Loaded Objects now: 4475.
Memory consumption went from 135.7 MB to 135.5 MB.
Total: 4.407600 ms (FindLiveObjects: 0.514100 ms CreateObjectMapping: 0.401000 ms MarkObjects: 3.244900 ms  DeleteObjects: 0.245700 ms)

Prepare: number of updated asset objects reloaded= 0
AssetImportParameters requested are different than current active one (requested -> active):
  custom:container-demuxer-ogg: 62fdf1f143b41e24485cea50d1cbac27 -> 
  custom:video-codec-MediaFoundation-h265: 746d11721c4dcdbdad8f713fa42b33f4 -> 
  custom:video-decoder-ogg-theora: a1e56fd34408186e4bbccfd4996cb3dc -> 
  custom:framework-win-MediaFoundation: 216162199b28c13a410421893ffa2e32 -> 
  custom:scripting/monoscript/fileName/Sankescrips.cs: bf8163fa926c00ade6c4ef66216edd62 -> 
  custom:CustomObjectIndexerAttribute: 756ad292c208cfabdd7b50bc23989ffe -> 
  custom:container-demuxer-webm: 4f35f7cbe854078d1ac9338744f61a02 -> 
  custom:container-muxer-webm: aa71ff27fc2769a1b78a27578f13a17b -> 
  custom:video-decoder-webm-vp8: 9c59270c3fd7afecdb556c50c9e8de78 -> 
  custom:SearchIndexIgnoredProperties: e643bd26f0fe6173181afceb89e7c659 -> 
  custom:AudioImporter_EditorPlatform: d09bf68614088b80899f8185d706f6e7 -> 
  custom:video-encoder-webm-vp8: eb34c28f22e8b96e1ab97ce403110664 -> 
  custom:audio-decoder-ogg-vorbis: bf7c407c2cedff20999df2af8eb42d56 -> 
  custom:audio-encoder-webm-vorbis: bf7c407c2cedff20999df2af8eb42d56 -> 
  custom:scripting/monoscript/fileName/Sanke.cs: bf8163fa926c00ade6c4ef66216edd62 -> 
========================================================================
Received Prepare
Refreshing native plugins compatible for Editor in 6.10 ms, found 4 plugins.
Preloading 0 native plugins for Editor in 0.00 ms.
Unloading 9 Unused Serialized files (Serialized files now loaded: 0)
Unloading 9 unused Assets / (259.3 KB). Loaded Objects now: 4475.
Memory consumption went from 74.4 MB to 74.2 MB.
Total: 5.478700 ms (FindLiveObjects: 0.418500 ms CreateObjectMapping: 0.263800 ms MarkObjects: 4.304500 ms  DeleteObjects: 0.489500 ms)

Prepare: number of updated asset objects reloaded= 0
AssetImportParameters requested are different than current active one (requested -> active):
  custom:container-demuxer-ogg: 62fdf1f143b41e24485cea50d1cbac27 -> 
  custom:video-codec-MediaFoundation-h265: 746d11721c4dcdbdad8f713fa42b33f4 -> 
  custom:video-decoder-ogg-theora: a1e56fd34408186e4bbccfd4996cb3dc -> 
  custom:framework-win-MediaFoundation: 216162199b28c13a410421893ffa2e32 -> 
  custom:scripting/monoscript/fileName/Sankescrips.cs: bf8163fa926c00ade6c4ef66216edd62 -> 
  custom:CustomObjectIndexerAttribute: 756ad292c208cfabdd7b50bc23989ffe -> 
  custom:container-demuxer-webm: 4f35f7cbe854078d1ac9338744f61a02 -> 
  custom:container-muxer-webm: aa71ff27fc2769a1b78a27578f13a17b -> 
  custom:video-decoder-webm-vp8: 9c59270c3fd7afecdb556c50c9e8de78 -> 
  custom:SearchIndexIgnoredProperties: e643bd26f0fe6173181afceb89e7c659 -> 
  custom:AudioImporter_EditorPlatform: d09bf68614088b80899f8185d706f6e7 -> 
  custom:video-encoder-webm-vp8: eb34c28f22e8b96e1ab97ce403110664 -> 
  custom:audio-decoder-ogg-vorbis: bf7c407c2cedff20999df2af8eb42d56 -> 
  custom:audio-encoder-webm-vorbis: bf7c407c2cedff20999df2af8eb42d56 -> 
  custom:scripting/monoscript/fileName/Sanke.cs: bf8163fa926c00ade6c4ef66216edd62 -> 
========================================================================
Received Import Request.
  Time since last request: 5486.307703 seconds.
  path: Assets/Cainos
  artifactKey: Guid(9f41df0fe63892e40a642b3bfb885ecc) Importer(815301076,1909f56bfc062723c751e8b465ee728b)
Start importing Assets/Cainos using Guid(9f41df0fe63892e40a642b3bfb885ecc) Importer(815301076,1909f56bfc062723c751e8b465ee728b)  -> (artifact id: 'c4ee4c9bf857932bb8e3710386fbc121') in 0.003677 seconds
Number of updated asset objects reloaded before import = 0
Number of asset objects unloaded after import = 0
========================================================================
Received Import Request.
  Time since last request: 0.661736 seconds.
  path: Assets/Cainos/Pixel Art Top Down - Basic
  artifactKey: Guid(16e6903942d9bf94d9dd684620613d02) Importer(815301076,1909f56bfc062723c751e8b465ee728b)
Start importing Assets/Cainos/Pixel Art Top Down - Basic using Guid(16e6903942d9bf94d9dd684620613d02) Importer(815301076,1909f56bfc062723c751e8b465ee728b)  -> (artifact id: '7c76493017d701d37e2ab6b6d1f054b8') in 0.000731 seconds
Number of updated asset objects reloaded before import = 0
Number of asset objects unloaded after import = 0
========================================================================
Received Import Request.
  Time since last request: 2.362842 seconds.
  path: Assets/Cainos/Pixel Art Top Down - Basic/Scene
  artifactKey: Guid(5f41ae091d9f7be4798cc5dbc7f22d83) Importer(815301076,1909f56bfc062723c751e8b465ee728b)
Start importing Assets/Cainos/Pixel Art Top Down - Basic/Scene using Guid(5f41ae091d9f7be4798cc5dbc7f22d83) Importer(815301076,1909f56bfc062723c751e8b465ee728b)  -> (artifact id: '317dbfd2be397117193fc77458fd7e49') in 0.000509 seconds
Number of updated asset objects reloaded before import = 0
Number of asset objects unloaded after import = 0
========================================================================
Received Import Request.
  Time since last request: 0.908959 seconds.
  path: Assets/Cainos/Pixel Art Top Down - Basic/Scene/SC All Props.unity
  artifactKey: Guid(d9a9fd5182a4025429c97a869864056e) Importer(815301076,1909f56bfc062723c751e8b465ee728b)
Start importing Assets/Cainos/Pixel Art Top Down - Basic/Scene/SC All Props.unity using Guid(d9a9fd5182a4025429c97a869864056e) Importer(815301076,1909f56bfc062723c751e8b465ee728b)  -> (artifact id: '22694deed047abebce103d143cf8d742') in 0.000687 seconds
Number of updated asset objects reloaded before import = 0
Number of asset objects unloaded after import = 0
========================================================================
Received Import Request.
  Time since last request: 0.787847 seconds.
  path: Assets/Cainos/Pixel Art Top Down - Basic/Scene/SC Pixel Art Top Down - Basic.unity
  artifactKey: Guid(86e89bd9e4a9c5245a015cf17e3c0aae) Importer(815301076,1909f56bfc062723c751e8b465ee728b)
Start importing Assets/Cainos/Pixel Art Top Down - Basic/Scene/SC Pixel Art Top Down - Basic.unity using Guid(86e89bd9e4a9c5245a015cf17e3c0aae) Importer(815301076,1909f56bfc062723c751e8b465ee728b)  -> (artifact id: '5a68cc14ce0255ffdedc841f855abfb6') in 0.000629 seconds
Number of updated asset objects reloaded before import = 0
Number of asset objects unloaded after import = 0
========================================================================
Received Import Request.
  Time since last request: 10.292647 seconds.
  path: Assets/Cainos/Pixel Art Top Down - Basic/Texture
  artifactKey: Guid(4628b48f29e242a459885334c8f8bf10) Importer(815301076,1909f56bfc062723c751e8b465ee728b)
Start importing Assets/Cainos/Pixel Art Top Down - Basic/Texture using Guid(4628b48f29e242a459885334c8f8bf10) Importer(815301076,1909f56bfc062723c751e8b465ee728b)  -> (artifact id: '19262801b9e6ca736cc74ce55009b5ec') in 0.000798 seconds
Number of updated asset objects reloaded before import = 0
Number of asset objects unloaded after import = 0
========================================================================
Received Import Request.
  Time since last request: 0.055421 seconds.
  path: Assets/Cainos/Pixel Art Top Down - Basic/Texture/TX Plant.png
  artifactKey: Guid(c3a40e1c46727b94e959990527f8e7fa) Importer(815301076,1909f56bfc062723c751e8b465ee728b)
Start importing Assets/Cainos/Pixel Art Top Down - Basic/Texture/TX Plant.png using Guid(c3a40e1c46727b94e959990527f8e7fa) Importer(815301076,1909f56bfc062723c751e8b465ee728b) Requested RenderTexture with sRGB format. sRGB formats are not supported in gamma mode, fallback to a UNorm format. Use a UNorm format instead of sRGB to silence this warning.
UnityEngine.StackTraceUtility:ExtractStackTrace ()
UnityEngine.Graphics:Blit (UnityEngine.Texture,UnityEngine.RenderTexture)
UnityEditor.TextureInspector:RenderStaticPreview (string,UnityEngine.Object[],int,int)
UnityEditor.AssetPreviewUpdater:CreatePreview (UnityEngine.Object,UnityEngine.Object[],string,int,int)
UnityEditor.AssetPreviewUpdater:CreatePreviewForAsset (UnityEngine.Object,UnityEngine.Object[],string)

[C:\build\output\unity\unity\Runtime\Graphics\RenderTexture.cpp line 1149]

Requested RenderTexture with sRGB format. sRGB formats are not supported in gamma mode, fallback to a UNorm format. Use a UNorm format instead of sRGB to silence this warning.
UnityEngine.StackTraceUtility:ExtractStackTrace ()
UnityEngine.RenderTexture:set_active (UnityEngine.RenderTexture)
UnityEditor.SpriteInspector:BuildPreviewTexture (UnityEngine.Sprite,UnityEngine.Material,bool,int,int,UnityEngine.Color,UnityEngine.Matrix4x4)
UnityEditor.SpriteInspector:BuildPreviewTexture (UnityEngine.Sprite,UnityEngine.Material,bool,int,int)
UnityEditor.SpriteInspector:RenderStaticPreview (string,UnityEngine.Object[],int,int)
UnityEditor.AssetPreviewUpdater:CreatePreview (UnityEngine.Object,UnityEngine.Object[],string,int,int)
UnityEditor.AssetPreviewUpdater:CreatePreviewForAsset (UnityEngine.Object,UnityEngine.Object[],string)

[C:\build\output\unity\unity\Runtime\Graphics\RenderTexture.cpp line 1149]

Requested RenderTexture with sRGB format. sRGB formats are not supported in gamma mode, fallback to a UNorm format. Use a UNorm format instead of sRGB to silence this warning.
UnityEngine.StackTraceUtility:ExtractStackTrace ()
UnityEngine.RenderTexture:set_active (UnityEngine.RenderTexture)
UnityEditor.SpriteInspector:BuildPreviewTexture (UnityEngine.Sprite,UnityEngine.Material,bool,int,int,UnityEngine.Color,UnityEngine.Matrix4x4)
UnityEditor.SpriteInspector:BuildPreviewTexture (UnityEngine.Sprite,UnityEngine.Material,bool,int,int)
UnityEditor.SpriteInspector:RenderStaticPreview (string,UnityEngine.Object[],int,int)
UnityEditor.AssetPreviewUpdater:CreatePreview (UnityEngine.Object,UnityEngine.Object[],string,int,int)
UnityEditor.AssetPreviewUpdater:CreatePreviewForAsset (UnityEngine.Object,UnityEngine.Object[],string)

[C:\build\output\unity\unity\Runtime\Graphics\RenderTexture.cpp line 1149]

Requested RenderTexture with sRGB format. sRGB formats are not supported in gamma mode, fallback to a UNorm format. Use a UNorm format instead of sRGB to silence this warning.
UnityEngine.StackTraceUtility:ExtractStackTrace ()
UnityEngine.RenderTexture:set_active (UnityEngine.RenderTexture)
UnityEditor.SpriteInspector:BuildPreviewTexture (UnityEngine.Sprite,UnityEngine.Material,bool,int,int,UnityEngine.Color,UnityEngine.Matrix4x4)
UnityEditor.SpriteInspector:BuildPreviewTexture (UnityEngine.Sprite,UnityEngine.Material,bool,int,int)
UnityEditor.SpriteInspector:RenderStaticPreview (string,UnityEngine.Object[],int,int)
UnityEditor.AssetPreviewUpdater:CreatePreview (UnityEngine.Object,UnityEngine.Object[],string,int,int)
UnityEditor.AssetPreviewUpdater:CreatePreviewForAsset (UnityEngine.Object,UnityEngine.Object[],string)

[C:\build\output\unity\unity\Runtime\Graphics\RenderTexture.cpp line 1149]

Requested RenderTexture with sRGB format. sRGB formats are not supported in gamma mode, fallback to a UNorm format. Use a UNorm format instead of sRGB to silence this warning.
UnityEngine.StackTraceUtility:ExtractStackTrace ()
UnityEngine.RenderTexture:set_active (UnityEngine.RenderTexture)
UnityEditor.SpriteInspector:BuildPreviewTexture (UnityEngine.Sprite,UnityEngine.Material,bool,int,int,UnityEngine.Color,UnityEngine.Matrix4x4)
UnityEditor.SpriteInspector:BuildPreviewTexture (UnityEngine.Sprite,UnityEngine.Material,bool,int,int)
UnityEditor.SpriteInspector:RenderStaticPreview (string,UnityEngine.Object[],int,int)
UnityEditor.AssetPreviewUpdater:CreatePreview (UnityEngine.Object,UnityEngine.Object[],string,int,int)
UnityEditor.AssetPreviewUpdater:CreatePreviewForAsset (UnityEngine.Object,UnityEngine.Object[],string)

[C:\build\output\unity\unity\Runtime\Graphics\RenderTexture.cpp line 1149]

Requested RenderTexture with sRGB format. sRGB formats are not supported in gamma mode, fallback to a UNorm format. Use a UNorm format instead of sRGB to silence this warning.
UnityEngine.StackTraceUtility:ExtractStackTrace ()
UnityEngine.RenderTexture:set_active (UnityEngine.RenderTexture)
UnityEditor.SpriteInspector:BuildPreviewTexture (UnityEngine.Sprite,UnityEngine.Material,bool,int,int,UnityEngine.Color,UnityEngine.Matrix4x4)
UnityEditor.SpriteInspector:BuildPreviewTexture (UnityEngine.Sprite,UnityEngine.Material,bool,int,int)
UnityEditor.SpriteInspector:RenderStaticPreview (string,UnityEngine.Object[],int,int)
UnityEditor.AssetPreviewUpdater:CreatePreview (UnityEngine.Object,UnityEngine.Object[],string,int,int)
UnityEditor.AssetPreviewUpdater:CreatePreviewForAsset (UnityEngine.Object,UnityEngine.Object[],string)

[C:\build\output\unity\unity\Runtime\Graphics\RenderTexture.cpp line 1149]

Requested RenderTexture with sRGB format. sRGB formats are not supported in gamma mode, fallback to a UNorm format. Use a UNorm format instead of sRGB to silence this warning.
UnityEngine.StackTraceUtility:ExtractStackTrace ()
UnityEngine.RenderTexture:set_active (UnityEngine.RenderTexture)
UnityEditor.SpriteInspector:BuildPreviewTexture (UnityEngine.Sprite,UnityEngine.Material,bool,int,int,UnityEngine.Color,UnityEngine.Matrix4x4)
UnityEditor.SpriteInspector:BuildPreviewTexture (UnityEngine.Sprite,UnityEngine.Material,bool,int,int)
UnityEditor.SpriteInspector:RenderStaticPreview (string,UnityEngine.Object[],int,int)
UnityEditor.AssetPreviewUpdater:CreatePreview (UnityEngine.Object,UnityEngine.Object[],string,int,int)
UnityEditor.AssetPreviewUpdater:CreatePreviewForAsset (UnityEngine.Object,UnityEngine.Object[],string)

[C:\build\output\unity\unity\Runtime\Graphics\RenderTexture.cpp line 1149]

Requested RenderTexture with sRGB format. sRGB formats are not supported in gamma mode, fallback to a UNorm format. Use a UNorm format instead of sRGB to silence this warning.
UnityEngine.StackTraceUtility:ExtractStackTrace ()
UnityEngine.RenderTexture:set_active (UnityEngine.RenderTexture)
UnityEditor.SpriteInspector:BuildPreviewTexture (UnityEngine.Sprite,UnityEngine.Material,bool,int,int,UnityEngine.Color,UnityEngine.Matrix4x4)
UnityEditor.SpriteInspector:BuildPreviewTexture (UnityEngine.Sprite,UnityEngine.Material,bool,int,int)
UnityEditor.SpriteInspector:RenderStaticPreview (string,UnityEngine.Object[],int,int)
UnityEditor.AssetPreviewUpdater:CreatePreview (UnityEngine.Object,UnityEngine.Object[],string,int,int)
UnityEditor.AssetPreviewUpdater:CreatePreviewForAsset (UnityEngine.Object,UnityEngine.Object[],string)

[C:\build\output\unity\unity\Runtime\Graphics\RenderTexture.cpp line 1149]

Requested RenderTexture with sRGB format. sRGB formats are not supported in gamma mode, fallback to a UNorm format. Use a UNorm format instead of sRGB to silence this warning.
UnityEngine.StackTraceUtility:ExtractStackTrace ()
UnityEngine.RenderTexture:set_active (UnityEngine.RenderTexture)
UnityEditor.SpriteInspector:BuildPreviewTexture (UnityEngine.Sprite,UnityEngine.Material,bool,int,int,UnityEngine.Color,UnityEngine.Matrix4x4)
UnityEditor.SpriteInspector:BuildPreviewTexture (UnityEngine.Sprite,UnityEngine.Material,bool,int,int)
UnityEditor.SpriteInspector:RenderStaticPreview (string,UnityEngine.Object[],int,int)
UnityEditor.AssetPreviewUpdater:CreatePreview (UnityEngine.Object,UnityEngine.Object[],string,int,int)
UnityEditor.AssetPreviewUpdater:CreatePreviewForAsset (UnityEngine.Object,UnityEngine.Object[],string)

[C:\build\output\unity\unity\Runtime\Graphics\RenderTexture.cpp line 1149]

Requested RenderTexture with sRGB format. sRGB formats are not supported in gamma mode, fallback to a UNorm format. Use a UNorm format instead of sRGB to silence this warning.
UnityEngine.StackTraceUtility:ExtractStackTrace ()
UnityEngine.RenderTexture:set_active (UnityEngine.RenderTexture)
UnityEditor.SpriteInspector:BuildPreviewTexture (UnityEngine.Sprite,UnityEngine.Material,bool,int,int,UnityEngine.Color,UnityEngine.Matrix4x4)
UnityEditor.SpriteInspector:BuildPreviewTexture (UnityEngine.Sprite,UnityEngine.Material,bool,int,int)
UnityEditor.SpriteInspector:RenderStaticPreview (string,UnityEngine.Object[],int,int)
UnityEditor.AssetPreviewUpdater:CreatePreview (UnityEngine.Object,UnityEngine.Object[],string,int,int)
UnityEditor.AssetPreviewUpdater:CreatePreviewForAsset (UnityEngine.Object,UnityEngine.Object[],string)

[C:\build\output\unity\unity\Runtime\Graphics\RenderTexture.cpp line 1149]

Requested RenderTexture with sRGB format. sRGB formats are not supported in gamma mode, fallback to a UNorm format. Use a UNorm format instead of sRGB to silence this warning.
UnityEngine.StackTraceUtility:ExtractStackTrace ()
UnityEngine.RenderTexture:set_active (UnityEngine.RenderTexture)
UnityEditor.SpriteInspector:BuildPreviewTexture (UnityEngine.Sprite,UnityEngine.Material,bool,int,int,UnityEngine.Color,UnityEngine.Matrix4x4)
UnityEditor.SpriteInspector:BuildPreviewTexture (UnityEngine.Sprite,UnityEngine.Material,bool,int,int)
UnityEditor.SpriteInspector:RenderStaticPreview (string,UnityEngine.Object[],int,int)
UnityEditor.AssetPreviewUpdater:CreatePreview (UnityEngine.Object,UnityEngine.Object[],string,int,int)
UnityEditor.AssetPreviewUpdater:CreatePreviewForAsset (UnityEngine.Object,UnityEngine.Object[],string)

[C:\build\output\unity\unity\Runtime\Graphics\RenderTexture.cpp line 1149]

Requested RenderTexture with sRGB format. sRGB formats are not supported in gamma mode, fallback to a UNorm format. Use a UNorm format instead of sRGB to silence this warning.
UnityEngine.StackTraceUtility:ExtractStackTrace ()
UnityEngine.RenderTexture:set_active (UnityEngine.RenderTexture)
UnityEditor.SpriteInspector:BuildPreviewTexture (UnityEngine.Sprite,UnityEngine.Material,bool,int,int,UnityEngine.Color,UnityEngine.Matrix4x4)
UnityEditor.SpriteInspector:BuildPreviewTexture (UnityEngine.Sprite,UnityEngine.Material,bool,int,int)
UnityEditor.SpriteInspector:RenderStaticPreview (string,UnityEngine.Object[],int,int)
UnityEditor.AssetPreviewUpdater:CreatePreview (UnityEngine.Object,UnityEngine.Object[],string,int,int)
UnityEditor.AssetPreviewUpdater:CreatePreviewForAsset (UnityEngine.Object,UnityEngine.Object[],string)

[C:\build\output\unity\unity\Runtime\Graphics\RenderTexture.cpp line 1149]

Requested RenderTexture with sRGB format. sRGB formats are not supported in gamma mode, fallback to a UNorm format. Use a UNorm format instead of sRGB to silence this warning.
UnityEngine.StackTraceUtility:ExtractStackTrace ()
UnityEngine.RenderTexture:set_active (UnityEngine.RenderTexture)
UnityEditor.SpriteInspector:BuildPreviewTexture (UnityEngine.Sprite,UnityEngine.Material,bool,int,int,UnityEngine.Color,UnityEngine.Matrix4x4)
UnityEditor.SpriteInspector:BuildPreviewTexture (UnityEngine.Sprite,UnityEngine.Material,bool,int,int)
UnityEditor.SpriteInspector:RenderStaticPreview (string,UnityEngine.Object[],int,int)
UnityEditor.AssetPreviewUpdater:CreatePreview (UnityEngine.Object,UnityEngine.Object[],string,int,int)
UnityEditor.AssetPreviewUpdater:CreatePreviewForAsset (UnityEngine.Object,UnityEngine.Object[],string)

[C:\build\output\unity\unity\Runtime\Graphics\RenderTexture.cpp line 1149]

Requested RenderTexture with sRGB format. sRGB formats are not supported in gamma mode, fallback to a UNorm format. Use a UNorm format instead of sRGB to silence this warning.
UnityEngine.StackTraceUtility:ExtractStackTrace ()
UnityEngine.RenderTexture:set_active (UnityEngine.RenderTexture)
UnityEditor.SpriteInspector:BuildPreviewTexture (UnityEngine.Sprite,UnityEngine.Material,bool,int,int,UnityEngine.Color,UnityEngine.Matrix4x4)
UnityEditor.SpriteInspector:BuildPreviewTexture (UnityEngine.Sprite,UnityEngine.Material,bool,int,int)
UnityEditor.SpriteInspector:RenderStaticPreview (string,UnityEngine.Object[],int,int)
UnityEditor.AssetPreviewUpdater:CreatePreview (UnityEngine.Object,UnityEngine.Object[],string,int,int)
UnityEditor.AssetPreviewUpdater:CreatePreviewForAsset (UnityEngine.Object,UnityEngine.Object[],string)

[C:\build\output\unity\unity\Runtime\Graphics\RenderTexture.cpp line 1149]

Requested RenderTexture with sRGB format. sRGB formats are not supported in gamma mode, fallback to a UNorm format. Use a UNorm format instead of sRGB to silence this warning.
UnityEngine.StackTraceUtility:ExtractStackTrace ()
UnityEngine.RenderTexture:set_active (UnityEngine.RenderTexture)
UnityEditor.SpriteInspector:BuildPreviewTexture (UnityEngine.Sprite,UnityEngine.Material,bool,int,int,UnityEngine.Color,UnityEngine.Matrix4x4)
UnityEditor.SpriteInspector:BuildPreviewTexture (UnityEngine.Sprite,UnityEngine.Material,bool,int,int)
UnityEditor.SpriteInspector:RenderStaticPreview (string,UnityEngine.Object[],int,int)
UnityEditor.AssetPreviewUpdater:CreatePreview (UnityEngine.Object,UnityEngine.Object[],string,int,int)
UnityEditor.AssetPreviewUpdater:CreatePreviewForAsset (UnityEngine.Object,UnityEngine.Object[],string)

[C:\build\output\unity\unity\Runtime\Graphics\RenderTexture.cpp line 1149]

Requested RenderTexture with sRGB format. sRGB formats are not supported in gamma mode, fallback to a UNorm format. Use a UNorm format instead of sRGB to silence this warning.
UnityEngine.StackTraceUtility:ExtractStackTrace ()
UnityEngine.RenderTexture:set_active (UnityEngine.RenderTexture)
UnityEditor.SpriteInspector:BuildPreviewTexture (UnityEngine.Sprite,UnityEngine.Material,bool,int,int,UnityEngine.Color,UnityEngine.Matrix4x4)
UnityEditor.SpriteInspector:BuildPreviewTexture (UnityEngine.Sprite,UnityEngine.Material,bool,int,int)
UnityEditor.SpriteInspector:RenderStaticPreview (string,UnityEngine.Object[],int,int)
UnityEditor.AssetPreviewUpdater:CreatePreview (UnityEngine.Object,UnityEngine.Object[],string,int,int)
UnityEditor.AssetPreviewUpdater:CreatePreviewForAsset (UnityEngine.Object,UnityEngine.Object[],string)

[C:\build\output\unity\unity\Runtime\Graphics\RenderTexture.cpp line 1149]

Requested RenderTexture with sRGB format. sRGB formats are not supported in gamma mode, fallback to a UNorm format. Use a UNorm format instead of sRGB to silence this warning.
UnityEngine.StackTraceUtility:ExtractStackTrace ()
UnityEngine.RenderTexture:set_active (UnityEngine.RenderTexture)
UnityEditor.SpriteInspector:BuildPreviewTexture (UnityEngine.Sprite,UnityEngine.Material,bool,int,int,UnityEngine.Color,UnityEngine.Matrix4x4)
UnityEditor.SpriteInspector:BuildPreviewTexture (UnityEngine.Sprite,UnityEngine.Material,bool,int,int)
UnityEditor.SpriteInspector:RenderStaticPreview (string,UnityEngine.Object[],int,int)
UnityEditor.AssetPreviewUpdater:CreatePreview (UnityEngine.Object,UnityEngine.Object[],string,int,int)
UnityEditor.AssetPreviewUpdater:CreatePreviewForAsset (UnityEngine.Object,UnityEngine.Object[],string)

[C:\build\output\unity\unity\Runtime\Graphics\RenderTexture.cpp line 1149]

Requested RenderTexture with sRGB format. sRGB formats are not supported in gamma mode, fallback to a UNorm format. Use a UNorm format instead of sRGB to silence this warning.
UnityEngine.StackTraceUtility:ExtractStackTrace ()
UnityEngine.RenderTexture:set_active (UnityEngine.RenderTexture)
UnityEditor.SpriteInspector:BuildPreviewTexture (UnityEngine.Sprite,UnityEngine.Material,bool,int,int,UnityEngine.Color,UnityEngine.Matrix4x4)
UnityEditor.SpriteInspector:BuildPreviewTexture (UnityEngine.Sprite,UnityEngine.Material,bool,int,int)
UnityEditor.SpriteInspector:RenderStaticPreview (string,UnityEngine.Object[],int,int)
UnityEditor.AssetPreviewUpdater:CreatePreview (UnityEngine.Object,UnityEngine.Object[],string,int,int)
UnityEditor.AssetPreviewUpdater:CreatePreviewForAsset (UnityEngine.Object,UnityEngine.Object[],string)

[C:\build\output\unity\unity\Runtime\Graphics\RenderTexture.cpp line 1149]

Requested RenderTexture with sRGB format. sRGB formats are not supported in gamma mode, fallback to a UNorm format. Use a UNorm format instead of sRGB to silence this warning.
UnityEngine.StackTraceUtility:ExtractStackTrace ()
UnityEngine.RenderTexture:set_active (UnityEngine.RenderTexture)
UnityEditor.SpriteInspector:BuildPreviewTexture (UnityEngine.Sprite,UnityEngine.Material,bool,int,int,UnityEngine.Color,UnityEngine.Matrix4x4)
UnityEditor.SpriteInspector:BuildPreviewTexture (UnityEngine.Sprite,UnityEngine.Material,bool,int,int)
UnityEditor.SpriteInspector:RenderStaticPreview (string,UnityEngine.Object[],int,int)
UnityEditor.AssetPreviewUpdater:CreatePreview (UnityEngine.Object,UnityEngine.Object[],string,int,int)
UnityEditor.AssetPreviewUpdater:CreatePreviewForAsset (UnityEngine.Object,UnityEngine.Object[],string)

[C:\build\output\unity\unity\Runtime\Graphics\RenderTexture.cpp line 1149]

Requested RenderTexture with sRGB format. sRGB formats are not supported in gamma mode, fallback to a UNorm format. Use a UNorm format instead of sRGB to silence this warning.
UnityEngine.StackTraceUtility:ExtractStackTrace ()
UnityEngine.RenderTexture:set_active (UnityEngine.RenderTexture)
UnityEditor.SpriteInspector:BuildPreviewTexture (UnityEngine.Sprite,UnityEngine.Material,bool,int,int,UnityEngine.Color,UnityEngine.Matrix4x4)
UnityEditor.SpriteInspector:BuildPreviewTexture (UnityEngine.Sprite,UnityEngine.Material,bool,int,int)
UnityEditor.SpriteInspector:RenderStaticPreview (string,UnityEngine.Object[],int,int)
UnityEditor.AssetPreviewUpdater:CreatePreview (UnityEngine.Object,UnityEngine.Object[],string,int,int)
UnityEditor.AssetPreviewUpdater:CreatePreviewForAsset (UnityEngine.Object,UnityEngine.Object[],string)

[C:\build\output\unity\unity\Runtime\Graphics\RenderTexture.cpp line 1149]

Requested RenderTexture with sRGB format. sRGB formats are not supported in gamma mode, fallback to a UNorm format. Use a UNorm format instead of sRGB to silence this warning.
UnityEngine.StackTraceUtility:ExtractStackTrace ()
UnityEngine.RenderTexture:set_active (UnityEngine.RenderTexture)
UnityEditor.SpriteInspector:BuildPreviewTexture (UnityEngine.Sprite,UnityEngine.Material,bool,int,int,UnityEngine.Color,UnityEngine.Matrix4x4)
UnityEditor.SpriteInspector:BuildPreviewTexture (UnityEngine.Sprite,UnityEngine.Material,bool,int,int)
UnityEditor.SpriteInspector:RenderStaticPreview (string,UnityEngine.Object[],int,int)
UnityEditor.AssetPreviewUpdater:CreatePreview (UnityEngine.Object,UnityEngine.Object[],string,int,int)
UnityEditor.AssetPreviewUpdater:CreatePreviewForAsset (UnityEngine.Object,UnityEngine.Object[],string)

[C:\build\output\unity\unity\Runtime\Graphics\RenderTexture.cpp line 1149]

Requested RenderTexture with sRGB format. sRGB formats are not supported in gamma mode, fallback to a UNorm format. Use a UNorm format instead of sRGB to silence this warning.
UnityEngine.StackTraceUtility:ExtractStackTrace ()
UnityEngine.RenderTexture:set_active (UnityEngine.RenderTexture)
UnityEditor.SpriteInspector:BuildPreviewTexture (UnityEngine.Sprite,UnityEngine.Material,bool,int,int,UnityEngine.Color,UnityEngine.Matrix4x4)
UnityEditor.SpriteInspector:BuildPreviewTexture (UnityEngine.Sprite,UnityEngine.Material,bool,int,int)
UnityEditor.SpriteInspector:RenderStaticPreview (string,UnityEngine.Object[],int,int)
UnityEditor.AssetPreviewUpdater:CreatePreview (UnityEngine.Object,UnityEngine.Object[],string,int,int)
UnityEditor.AssetPreviewUpdater:CreatePreviewForAsset (UnityEngine.Object,UnityEngine.Object[],string)

[C:\build\output\unity\unity\Runtime\Graphics\RenderTexture.cpp line 1149]

Requested RenderTexture with sRGB format. sRGB formats are not supported in gamma mode, fallback to a UNorm format. Use a UNorm format instead of sRGB to silence this warning.
UnityEngine.StackTraceUtility:ExtractStackTrace ()
UnityEngine.RenderTexture:set_active (UnityEngine.RenderTexture)
UnityEditor.SpriteInspector:BuildPreviewTexture (UnityEngine.Sprite,UnityEngine.Material,bool,int,int,UnityEngine.Color,UnityEngine.Matrix4x4)
UnityEditor.SpriteInspector:BuildPreviewTexture (UnityEngine.Sprite,UnityEngine.Material,bool,int,int)
UnityEditor.SpriteInspector:RenderStaticPreview (string,UnityEngine.Object[],int,int)
UnityEditor.AssetPreviewUpdater:CreatePreview (UnityEngine.Object,UnityEngine.Object[],string,int,int)
UnityEditor.AssetPreviewUpdater:CreatePreviewForAsset (UnityEngine.Object,UnityEngine.Object[],string)

[C:\build\output\unity\unity\Runtime\Graphics\RenderTexture.cpp line 1149]

 -> (artifact id: '3d1b80f5467e12dde6873c3c391482f0') in 0.399193 seconds
Number of updated asset objects reloaded before import = 0
Number of asset objects unloaded after import = 30
========================================================================
Received Import Request.
  Time since last request: 0.000036 seconds.
  path: Assets/Cainos/Pixel Art Top Down - Basic/Texture/TX Tileset Stone Ground.png
  artifactKey: Guid(a07735877a3bd644094331b137b71878) Importer(815301076,1909f56bfc062723c751e8b465ee728b)
Start importing Assets/Cainos/Pixel Art Top Down - Basic/Texture/TX Tileset Stone Ground.png using Guid(a07735877a3bd644094331b137b71878) Importer(815301076,1909f56bfc062723c751e8b465ee728b)  -> (artifact id: 'e17a018a0dc8de0ce6b8484687e38fc5') in 0.256477 seconds
Number of updated asset objects reloaded before import = 0
Number of asset objects unloaded after import = 52
========================================================================
Received Import Request.
  Time since last request: 0.000303 seconds.
  path: Assets/Cainos/Pixel Art Top Down - Basic/Texture/TX Tileset Wall.png
  artifactKey: Guid(9f8f114589864b6489859a58fbb6baf9) Importer(815301076,1909f56bfc062723c751e8b465ee728b)
Start importing Assets/Cainos/Pixel Art Top Down - Basic/Texture/TX Tileset Wall.png using Guid(9f8f114589864b6489859a58fbb6baf9) Importer(815301076,1909f56bfc062723c751e8b465ee728b)  -> (artifact id: 'ac93ec0c0e5662e345aedc528e43b826') in 0.306613 seconds
Number of updated asset objects reloaded before import = 0
Number of asset objects unloaded after import = 63
========================================================================
Received Import Request.
  Time since last request: 0.000067 seconds.
  path: Assets/Cainos/Pixel Art Top Down - Basic/Texture/TX Props.png
  artifactKey: Guid(29c9cded5e558164aaf8c9bf08aa1510) Importer(815301076,1909f56bfc062723c751e8b465ee728b)
Start importing Assets/Cainos/Pixel Art Top Down - Basic/Texture/TX Props.png using Guid(29c9cded5e558164aaf8c9bf08aa1510) Importer(815301076,1909f56bfc062723c751e8b465ee728b) Requested RenderTexture with sRGB format. sRGB formats are not supported in gamma mode, fallback to a UNorm format. Use a UNorm format instead of sRGB to silence this warning.
UnityEngine.StackTraceUtility:ExtractStackTrace ()
UnityEngine.RenderTexture:set_active (UnityEngine.RenderTexture)
UnityEditor.SpriteInspector:BuildPreviewTexture (UnityEngine.Sprite,UnityEngine.Material,bool,int,int,UnityEngine.Color,UnityEngine.Matrix4x4)
UnityEditor.SpriteInspector:BuildPreviewTexture (UnityEngine.Sprite,UnityEngine.Material,bool,int,int)
UnityEditor.SpriteInspector:RenderStaticPreview (string,UnityEngine.Object[],int,int)
UnityEditor.AssetPreviewUpdater:CreatePreview (UnityEngine.Object,UnityEngine.Object[],string,int,int)
UnityEditor.AssetPreviewUpdater:CreatePreviewForAsset (UnityEngine.Object,UnityEngine.Object[],string)

[C:\build\output\unity\unity\Runtime\Graphics\RenderTexture.cpp line 1149]

Requested RenderTexture with sRGB format. sRGB formats are not supported in gamma mode, fallback to a UNorm format. Use a UNorm format instead of sRGB to silence this warning.
UnityEngine.StackTraceUtility:ExtractStackTrace ()
UnityEngine.RenderTexture:set_active (UnityEngine.RenderTexture)
UnityEditor.SpriteInspector:BuildPreviewTexture (UnityEngine.Sprite,UnityEngine.Material,bool,int,int,UnityEngine.Color,UnityEngine.Matrix4x4)
UnityEditor.SpriteInspector:BuildPreviewTexture (UnityEngine.Sprite,UnityEngine.Material,bool,int,int)
UnityEditor.SpriteInspector:RenderStaticPreview (string,UnityEngine.Object[],int,int)
UnityEditor.AssetPreviewUpdater:CreatePreview (UnityEngine.Object,UnityEngine.Object[],string,int,int)
UnityEditor.AssetPreviewUpdater:CreatePreviewForAsset (UnityEngine.Object,UnityEngine.Object[],string)

[C:\build\output\unity\unity\Runtime\Graphics\RenderTexture.cpp line 1149]

Requested RenderTexture with sRGB format. sRGB formats are not supported in gamma mode, fallback to a UNorm format. Use a UNorm format instead of sRGB to silence this warning.
UnityEngine.StackTraceUtility:ExtractStackTrace ()
UnityEngine.RenderTexture:set_active (UnityEngine.RenderTexture)
UnityEditor.SpriteInspector:BuildPreviewTexture (UnityEngine.Sprite,UnityEngine.Material,bool,int,int,UnityEngine.Color,UnityEngine.Matrix4x4)
UnityEditor.SpriteInspector:BuildPreviewTexture (UnityEngine.Sprite,UnityEngine.Material,bool,int,int)
UnityEditor.SpriteInspector:RenderStaticPreview (string,UnityEngine.Object[],int,int)
UnityEditor.AssetPreviewUpdater:CreatePreview (UnityEngine.Object,UnityEngine.Object[],string,int,int)
UnityEditor.AssetPreviewUpdater:CreatePreviewForAsset (UnityEngine.Object,UnityEngine.Object[],string)

[C:\build\output\unity\unity\Runtime\Graphics\RenderTexture.cpp line 1149]

Requested RenderTexture with sRGB format. sRGB formats are not supported in gamma mode, fallback to a UNorm format. Use a UNorm format instead of sRGB to silence this warning.
UnityEngine.StackTraceUtility:ExtractStackTrace ()
UnityEngine.RenderTexture:set_active (UnityEngine.RenderTexture)
UnityEditor.SpriteInspector:BuildPreviewTexture (UnityEngine.Sprite,UnityEngine.Material,bool,int,int,UnityEngine.Color,UnityEngine.Matrix4x4)
UnityEditor.SpriteInspector:BuildPreviewTexture (UnityEngine.Sprite,UnityEngine.Material,bool,int,int)
UnityEditor.SpriteInspector:RenderStaticPreview (string,UnityEngine.Object[],int,int)
UnityEditor.AssetPreviewUpdater:CreatePreview (UnityEngine.Object,UnityEngine.Object[],string,int,int)
UnityEditor.AssetPreviewUpdater:CreatePreviewForAsset (UnityEngine.Object,UnityEngine.Object[],string)

[C:\build\output\unity\unity\Runtime\Graphics\RenderTexture.cpp line 1149]

Requested RenderTexture with sRGB format. sRGB formats are not supported in gamma mode, fallback to a UNorm format. Use a UNorm format instead of sRGB to silence this warning.
UnityEngine.StackTraceUtility:ExtractStackTrace ()
UnityEngine.RenderTexture:set_active (UnityEngine.RenderTexture)
UnityEditor.SpriteInspector:BuildPreviewTexture (UnityEngine.Sprite,UnityEngine.Material,bool,int,int,UnityEngine.Color,UnityEngine.Matrix4x4)
UnityEditor.SpriteInspector:BuildPreviewTexture (UnityEngine.Sprite,UnityEngine.Material,bool,int,int)
UnityEditor.SpriteInspector:RenderStaticPreview (string,UnityEngine.Object[],int,int)
UnityEditor.AssetPreviewUpdater:CreatePreview (UnityEngine.Object,UnityEngine.Object[],string,int,int)
UnityEditor.AssetPreviewUpdater:CreatePreviewForAsset (UnityEngine.Object,UnityEngine.Object[],string)

[C:\build\output\unity\unity\Runtime\Graphics\RenderTexture.cpp line 1149]

Requested RenderTexture with sRGB format. sRGB formats are not supported in gamma mode, fallback to a UNorm format. Use a UNorm format instead of sRGB to silence this warning.
UnityEngine.StackTraceUtility:ExtractStackTrace ()
UnityEngine.RenderTexture:set_active (UnityEngine.RenderTexture)
UnityEditor.SpriteInspector:BuildPreviewTexture (UnityEngine.Sprite,UnityEngine.Material,bool,int,int,UnityEngine.Color,UnityEngine.Matrix4x4)
UnityEditor.SpriteInspector:BuildPreviewTexture (UnityEngine.Sprite,UnityEngine.Material,bool,int,int)
UnityEditor.SpriteInspector:RenderStaticPreview (string,UnityEngine.Object[],int,int)
UnityEditor.AssetPreviewUpdater:CreatePreview (UnityEngine.Object,UnityEngine.Object[],string,int,int)
UnityEditor.AssetPreviewUpdater:CreatePreviewForAsset (UnityEngine.Object,UnityEngine.Object[],string)

[C:\build\output\unity\unity\Runtime\Graphics\RenderTexture.cpp line 1149]

Requested RenderTexture with sRGB format. sRGB formats are not supported in gamma mode, fallback to a UNorm format. Use a UNorm format instead of sRGB to silence this warning.
UnityEngine.StackTraceUtility:ExtractStackTrace ()
UnityEngine.RenderTexture:set_active (UnityEngine.RenderTexture)
UnityEditor.SpriteInspector:BuildPreviewTexture (UnityEngine.Sprite,UnityEngine.Material,bool,int,int,UnityEngine.Color,UnityEngine.Matrix4x4)
UnityEditor.SpriteInspector:BuildPreviewTexture (UnityEngine.Sprite,UnityEngine.Material,bool,int,int)
UnityEditor.SpriteInspector:RenderStaticPreview (string,UnityEngine.Object[],int,int)
UnityEditor.AssetPreviewUpdater:CreatePreview (UnityEngine.Object,UnityEngine.Object[],string,int,int)
UnityEditor.AssetPreviewUpdater:CreatePreviewForAsset (UnityEngine.Object,UnityEngine.Object[],string)

[C:\build\output\unity\unity\Runtime\Graphics\RenderTexture.cpp line 1149]

Requested RenderTexture with sRGB format. sRGB formats are not supported in gamma mode, fallback to a UNorm format. Use a UNorm format instead of sRGB to silence this warning.
UnityEngine.StackTraceUtility:ExtractStackTrace ()
UnityEngine.RenderTexture:set_active (UnityEngine.RenderTexture)
UnityEditor.SpriteInspector:BuildPreviewTexture (UnityEngine.Sprite,UnityEngine.Material,bool,int,int,UnityEngine.Color,UnityEngine.Matrix4x4)
UnityEditor.SpriteInspector:BuildPreviewTexture (UnityEngine.Sprite,UnityEngine.Material,bool,int,int)
UnityEditor.SpriteInspector:RenderStaticPreview (string,UnityEngine.Object[],int,int)
UnityEditor.AssetPreviewUpdater:CreatePreview (UnityEngine.Object,UnityEngine.Object[],string,int,int)
UnityEditor.AssetPreviewUpdater:CreatePreviewForAsset (UnityEngine.Object,UnityEngine.Object[],string)

[C:\build\output\unity\unity\Runtime\Graphics\RenderTexture.cpp line 1149]

Requested RenderTexture with sRGB format. sRGB formats are not supported in gamma mode, fallback to a UNorm format. Use a UNorm format instead of sRGB to silence this warning.
UnityEngine.StackTraceUtility:ExtractStackTrace ()
UnityEngine.RenderTexture:set_active (UnityEngine.RenderTexture)
UnityEditor.SpriteInspector:BuildPreviewTexture (UnityEngine.Sprite,UnityEngine.Material,bool,int,int,UnityEngine.Color,UnityEngine.Matrix4x4)
UnityEditor.SpriteInspector:BuildPreviewTexture (UnityEngine.Sprite,UnityEngine.Material,bool,int,int)
UnityEditor.SpriteInspector:RenderStaticPreview (string,UnityEngine.Object[],int,int)
UnityEditor.AssetPreviewUpdater:CreatePreview (UnityEngine.Object,UnityEngine.Object[],string,int,int)
UnityEditor.AssetPreviewUpdater:CreatePreviewForAsset (UnityEngine.Object,UnityEngine.Object[],string)

[C:\build\output\unity\unity\Runtime\Graphics\RenderTexture.cpp line 1149]

Requested RenderTexture with sRGB format. sRGB formats are not supported in gamma mode, fallback to a UNorm format. Use a UNorm format instead of sRGB to silence this warning.
UnityEngine.StackTraceUtility:ExtractStackTrace ()
UnityEngine.RenderTexture:set_active (UnityEngine.RenderTexture)
UnityEditor.SpriteInspector:BuildPreviewTexture (UnityEngine.Sprite,UnityEngine.Material,bool,int,int,UnityEngine.Color,UnityEngine.Matrix4x4)
UnityEditor.SpriteInspector:BuildPreviewTexture (UnityEngine.Sprite,UnityEngine.Material,bool,int,int)
UnityEditor.SpriteInspector:RenderStaticPreview (string,UnityEngine.Object[],int,int)
UnityEditor.AssetPreviewUpdater:CreatePreview (UnityEngine.Object,UnityEngine.Object[],string,int,int)
UnityEditor.AssetPreviewUpdater:CreatePreviewForAsset (UnityEngine.Object,UnityEngine.Object[],string)

[C:\build\output\unity\unity\Runtime\Graphics\RenderTexture.cpp line 1149]

Requested RenderTexture with sRGB format. sRGB formats are not supported in gamma mode, fallback to a UNorm format. Use a UNorm format instead of sRGB to silence this warning.
UnityEngine.StackTraceUtility:ExtractStackTrace ()
UnityEngine.RenderTexture:set_active (UnityEngine.RenderTexture)
UnityEditor.SpriteInspector:BuildPreviewTexture (UnityEngine.Sprite,UnityEngine.Material,bool,int,int,UnityEngine.Color,UnityEngine.Matrix4x4)
UnityEditor.SpriteInspector:BuildPreviewTexture (UnityEngine.Sprite,UnityEngine.Material,bool,int,int)
UnityEditor.SpriteInspector:RenderStaticPreview (string,UnityEngine.Object[],int,int)
UnityEditor.AssetPreviewUpdater:CreatePreview (UnityEngine.Object,UnityEngine.Object[],string,int,int)
UnityEditor.AssetPreviewUpdater:CreatePreviewForAsset (UnityEngine.Object,UnityEngine.Object[],string)

[C:\build\output\unity\unity\Runtime\Graphics\RenderTexture.cpp line 1149]

Requested RenderTexture with sRGB format. sRGB formats are not supported in gamma mode, fallback to a UNorm format. Use a UNorm format instead of sRGB to silence this warning.
UnityEngine.StackTraceUtility:ExtractStackTrace ()
UnityEngine.RenderTexture:set_active (UnityEngine.RenderTexture)
UnityEditor.SpriteInspector:BuildPreviewTexture (UnityEngine.Sprite,UnityEngine.Material,bool,int,int,UnityEngine.Color,UnityEngine.Matrix4x4)
UnityEditor.SpriteInspector:BuildPreviewTexture (UnityEngine.Sprite,UnityEngine.Material,bool,int,int)
UnityEditor.SpriteInspector:RenderStaticPreview (string,UnityEngine.Object[],int,int)
UnityEditor.AssetPreviewUpdater:CreatePreview (UnityEngine.Object,UnityEngine.Object[],string,int,int)
UnityEditor.AssetPreviewUpdater:CreatePreviewForAsset (UnityEngine.Object,UnityEngine.Object[],string)

[C:\build\output\unity\unity\Runtime\Graphics\RenderTexture.cpp line 1149]

Requested RenderTexture with sRGB format. sRGB formats are not supported in gamma mode, fallback to a UNorm format. Use a UNorm format instead of sRGB to silence this warning.
UnityEngine.StackTraceUtility:ExtractStackTrace ()
UnityEngine.RenderTexture:set_active (UnityEngine.RenderTexture)
UnityEditor.SpriteInspector:BuildPreviewTexture (UnityEngine.Sprite,UnityEngine.Material,bool,int,int,UnityEngine.Color,UnityEngine.Matrix4x4)
UnityEditor.SpriteInspector:BuildPreviewTexture (UnityEngine.Sprite,UnityEngine.Material,bool,int,int)
UnityEditor.SpriteInspector:RenderStaticPreview (string,UnityEngine.Object[],int,int)
UnityEditor.AssetPreviewUpdater:CreatePreview (UnityEngine.Object,UnityEngine.Object[],string,int,int)
UnityEditor.AssetPreviewUpdater:CreatePreviewForAsset (UnityEngine.Object,UnityEngine.Object[],string)

[C:\build\output\unity\unity\Runtime\Graphics\RenderTexture.cpp line 1149]

Requested RenderTexture with sRGB format. sRGB formats are not supported in gamma mode, fallback to a UNorm format. Use a UNorm format instead of sRGB to silence this warning.
UnityEngine.StackTraceUtility:ExtractStackTrace ()
UnityEngine.RenderTexture:set_active (UnityEngine.RenderTexture)
UnityEditor.SpriteInspector:BuildPreviewTexture (UnityEngine.Sprite,UnityEngine.Material,bool,int,int,UnityEngine.Color,UnityEngine.Matrix4x4)
UnityEditor.SpriteInspector:BuildPreviewTexture (UnityEngine.Sprite,UnityEngine.Material,bool,int,int)
UnityEditor.SpriteInspector:RenderStaticPreview (string,UnityEngine.Object[],int,int)
UnityEditor.AssetPreviewUpdater:CreatePreview (UnityEngine.Object,UnityEngine.Object[],string,int,int)
UnityEditor.AssetPreviewUpdater:CreatePreviewForAsset (UnityEngine.Object,UnityEngine.Object[],string)

[C:\build\output\unity\unity\Runtime\Graphics\RenderTexture.cpp line 1149]

Requested RenderTexture with sRGB format. sRGB formats are not supported in gamma mode, fallback to a UNorm format. Use a UNorm format instead of sRGB to silence this warning.
UnityEngine.StackTraceUtility:ExtractStackTrace ()
UnityEngine.RenderTexture:set_active (UnityEngine.RenderTexture)
UnityEditor.SpriteInspector:BuildPreviewTexture (UnityEngine.Sprite,UnityEngine.Material,bool,int,int,UnityEngine.Color,UnityEngine.Matrix4x4)
UnityEditor.SpriteInspector:BuildPreviewTexture (UnityEngine.Sprite,UnityEngine.Material,bool,int,int)
UnityEditor.SpriteInspector:RenderStaticPreview (string,UnityEngine.Object[],int,int)
UnityEditor.AssetPreviewUpdater:CreatePreview (UnityEngine.Object,UnityEngine.Object[],string,int,int)
UnityEditor.AssetPreviewUpdater:CreatePreviewForAsset (UnityEngine.Object,UnityEngine.Object[],string)

[C:\build\output\unity\unity\Runtime\Graphics\RenderTexture.cpp line 1149]

Requested RenderTexture with sRGB format. sRGB formats are not supported in gamma mode, fallback to a UNorm format. Use a UNorm format instead of sRGB to silence this warning.
UnityEngine.StackTraceUtility:ExtractStackTrace ()
UnityEngine.RenderTexture:set_active (UnityEngine.RenderTexture)
UnityEditor.SpriteInspector:BuildPreviewTexture (UnityEngine.Sprite,UnityEngine.Material,bool,int,int,UnityEngine.Color,UnityEngine.Matrix4x4)
UnityEditor.SpriteInspector:BuildPreviewTexture (UnityEngine.Sprite,UnityEngine.Material,bool,int,int)
UnityEditor.SpriteInspector:RenderStaticPreview (string,UnityEngine.Object[],int,int)
UnityEditor.AssetPreviewUpdater:CreatePreview (UnityEngine.Object,UnityEngine.Object[],string,int,int)
UnityEditor.AssetPreviewUpdater:CreatePreviewForAsset (UnityEngine.Object,UnityEngine.Object[],string)

[C:\build\output\unity\unity\Runtime\Graphics\RenderTexture.cpp line 1149]

Requested RenderTexture with sRGB format. sRGB formats are not supported in gamma mode, fallback to a UNorm format. Use a UNorm format instead of sRGB to silence this warning.
UnityEngine.StackTraceUtility:ExtractStackTrace ()
UnityEngine.RenderTexture:set_active (UnityEngine.RenderTexture)
UnityEditor.SpriteInspector:BuildPreviewTexture (UnityEngine.Sprite,UnityEngine.Material,bool,int,int,UnityEngine.Color,UnityEngine.Matrix4x4)
UnityEditor.SpriteInspector:BuildPreviewTexture (UnityEngine.Sprite,UnityEngine.Material,bool,int,int)
UnityEditor.SpriteInspector:RenderStaticPreview (string,UnityEngine.Object[],int,int)
UnityEditor.AssetPreviewUpdater:CreatePreview (UnityEngine.Object,UnityEngine.Object[],string,int,int)
UnityEditor.AssetPreviewUpdater:CreatePreviewForAsset (UnityEngine.Object,UnityEngine.Object[],string)

[C:\build\output\unity\unity\Runtime\Graphics\RenderTexture.cpp line 1149]

Requested RenderTexture with sRGB format. sRGB formats are not supported in gamma mode, fallback to a UNorm format. Use a UNorm format instead of sRGB to silence this warning.
UnityEngine.StackTraceUtility:ExtractStackTrace ()
UnityEngine.RenderTexture:set_active (UnityEngine.RenderTexture)
UnityEditor.SpriteInspector:BuildPreviewTexture (UnityEngine.Sprite,UnityEngine.Material,bool,int,int,UnityEngine.Color,UnityEngine.Matrix4x4)
UnityEditor.SpriteInspector:BuildPreviewTexture (UnityEngine.Sprite,UnityEngine.Material,bool,int,int)
UnityEditor.SpriteInspector:RenderStaticPreview (string,UnityEngine.Object[],int,int)
UnityEditor.AssetPreviewUpdater:CreatePreview (UnityEngine.Object,UnityEngine.Object[],string,int,int)
UnityEditor.AssetPreviewUpdater:CreatePreviewForAsset (UnityEngine.Object,UnityEngine.Object[],string)

[C:\build\output\unity\unity\Runtime\Graphics\RenderTexture.cpp line 1149]

Requested RenderTexture with sRGB format. sRGB formats are not supported in gamma mode, fallback to a UNorm format. Use a UNorm format instead of sRGB to silence this warning.
UnityEngine.StackTraceUtility:ExtractStackTrace ()
UnityEngine.RenderTexture:set_active (UnityEngine.RenderTexture)
UnityEditor.SpriteInspector:BuildPreviewTexture (UnityEngine.Sprite,UnityEngine.Material,bool,int,int,UnityEngine.Color,UnityEngine.Matrix4x4)
UnityEditor.SpriteInspector:BuildPreviewTexture (UnityEngine.Sprite,UnityEngine.Material,bool,int,int)
UnityEditor.SpriteInspector:RenderStaticPreview (string,UnityEngine.Object[],int,int)
UnityEditor.AssetPreviewUpdater:CreatePreview (UnityEngine.Object,UnityEngine.Object[],string,int,int)
UnityEditor.AssetPreviewUpdater:CreatePreviewForAsset (UnityEngine.Object,UnityEngine.Object[],string)

[C:\build\output\unity\unity\Runtime\Graphics\RenderTexture.cpp line 1149]

Requested RenderTexture with sRGB format. sRGB formats are not supported in gamma mode, fallback to a UNorm format. Use a UNorm format instead of sRGB to silence this warning.
UnityEngine.StackTraceUtility:ExtractStackTrace ()
UnityEngine.RenderTexture:set_active (UnityEngine.RenderTexture)
UnityEditor.SpriteInspector:BuildPreviewTexture (UnityEngine.Sprite,UnityEngine.Material,bool,int,int,UnityEngine.Color,UnityEngine.Matrix4x4)
UnityEditor.SpriteInspector:BuildPreviewTexture (UnityEngine.Sprite,UnityEngine.Material,bool,int,int)
UnityEditor.SpriteInspector:RenderStaticPreview (string,UnityEngine.Object[],int,int)
UnityEditor.AssetPreviewUpdater:CreatePreview (UnityEngine.Object,UnityEngine.Object[],string,int,int)
UnityEditor.AssetPreviewUpdater:CreatePreviewForAsset (UnityEngine.Object,UnityEngine.Object[],string)

[C:\build\output\unity\unity\Runtime\Graphics\RenderTexture.cpp line 1149]

Requested RenderTexture with sRGB format. sRGB formats are not supported in gamma mode, fallback to a UNorm format. Use a UNorm format instead of sRGB to silence this warning.
UnityEngine.StackTraceUtility:ExtractStackTrace ()
UnityEngine.RenderTexture:set_active (UnityEngine.RenderTexture)
UnityEditor.SpriteInspector:BuildPreviewTexture (UnityEngine.Sprite,UnityEngine.Material,bool,int,int,UnityEngine.Color,UnityEngine.Matrix4x4)
UnityEditor.SpriteInspector:BuildPreviewTexture (UnityEngine.Sprite,UnityEngine.Material,bool,int,int)
UnityEditor.SpriteInspector:RenderStaticPreview (string,UnityEngine.Object[],int,int)
UnityEditor.AssetPreviewUpdater:CreatePreview (UnityEngine.Object,UnityEngine.Object[],string,int,int)
UnityEditor.AssetPreviewUpdater:CreatePreviewForAsset (UnityEngine.Object,UnityEngine.Object[],string)

[C:\build\output\unity\unity\Runtime\Graphics\RenderTexture.cpp line 1149]

Requested RenderTexture with sRGB format. sRGB formats are not supported in gamma mode, fallback to a UNorm format. Use a UNorm format instead of sRGB to silence this warning.
UnityEngine.StackTraceUtility:ExtractStackTrace ()
UnityEngine.RenderTexture:set_active (UnityEngine.RenderTexture)
UnityEditor.SpriteInspector:BuildPreviewTexture (UnityEngine.Sprite,UnityEngine.Material,bool,int,int,UnityEngine.Color,UnityEngine.Matrix4x4)
UnityEditor.SpriteInspector:BuildPreviewTexture (UnityEngine.Sprite,UnityEngine.Material,bool,int,int)
UnityEditor.SpriteInspector:RenderStaticPreview (string,UnityEngine.Object[],int,int)
UnityEditor.AssetPreviewUpdater:CreatePreview (UnityEngine.Object,UnityEngine.Object[],string,int,int)
UnityEditor.AssetPreviewUpdater:CreatePreviewForAsset (UnityEngine.Object,UnityEngine.Object[],string)

[C:\build\output\unity\unity\Runtime\Graphics\RenderTexture.cpp line 1149]

Requested RenderTexture with sRGB format. sRGB formats are not supported in gamma mode, fallback to a UNorm format. Use a UNorm format instead of sRGB to silence this warning.
UnityEngine.StackTraceUtility:ExtractStackTrace ()
UnityEngine.RenderTexture:set_active (UnityEngine.RenderTexture)
UnityEditor.SpriteInspector:BuildPreviewTexture (UnityEngine.Sprite,UnityEngine.Material,bool,int,int,UnityEngine.Color,UnityEngine.Matrix4x4)
UnityEditor.SpriteInspector:BuildPreviewTexture (UnityEngine.Sprite,UnityEngine.Material,bool,int,int)
UnityEditor.SpriteInspector:RenderStaticPreview (string,UnityEngine.Object[],int,int)
UnityEditor.AssetPreviewUpdater:CreatePreview (UnityEngine.Object,UnityEngine.Object[],string,int,int)
UnityEditor.AssetPreviewUpdater:CreatePreviewForAsset (UnityEngine.Object,UnityEngine.Object[],string)

[C:\build\output\unity\unity\Runtime\Graphics\RenderTexture.cpp line 1149]

Requested RenderTexture with sRGB format. sRGB formats are not supported in gamma mode, fallback to a UNorm format. Use a UNorm format instead of sRGB to silence this warning.
UnityEngine.StackTraceUtility:ExtractStackTrace ()
UnityEngine.RenderTexture:set_active (UnityEngine.RenderTexture)
UnityEditor.SpriteInspector:BuildPreviewTexture (UnityEngine.Sprite,UnityEngine.Material,bool,int,int,UnityEngine.Color,UnityEngine.Matrix4x4)
UnityEditor.SpriteInspector:BuildPreviewTexture (UnityEngine.Sprite,UnityEngine.Material,bool,int,int)
UnityEditor.SpriteInspector:RenderStaticPreview (string,UnityEngine.Object[],int,int)
UnityEditor.AssetPreviewUpdater:CreatePreview (UnityEngine.Object,UnityEngine.Object[],string,int,int)
UnityEditor.AssetPreviewUpdater:CreatePreviewForAsset (UnityEngine.Object,UnityEngine.Object[],string)

[C:\build\output\unity\unity\Runtime\Graphics\RenderTexture.cpp line 1149]

Requested RenderTexture with sRGB format. sRGB formats are not supported in gamma mode, fallback to a UNorm format. Use a UNorm format instead of sRGB to silence this warning.
UnityEngine.StackTraceUtility:ExtractStackTrace ()
UnityEngine.RenderTexture:set_active (UnityEngine.RenderTexture)
UnityEditor.SpriteInspector:BuildPreviewTexture (UnityEngine.Sprite,UnityEngine.Material,bool,int,int,UnityEngine.Color,UnityEngine.Matrix4x4)
UnityEditor.SpriteInspector:BuildPreviewTexture (UnityEngine.Sprite,UnityEngine.Material,bool,int,int)
UnityEditor.SpriteInspector:RenderStaticPreview (string,UnityEngine.Object[],int,int)
UnityEditor.AssetPreviewUpdater:CreatePreview (UnityEngine.Object,UnityEngine.Object[],string,int,int)
UnityEditor.AssetPreviewUpdater:CreatePreviewForAsset (UnityEngine.Object,UnityEngine.Object[],string)

[C:\build\output\unity\unity\Runtime\Graphics\RenderTexture.cpp line 1149]

Requested RenderTexture with sRGB format. sRGB formats are not supported in gamma mode, fallback to a UNorm format. Use a UNorm format instead of sRGB to silence this warning.
UnityEngine.StackTraceUtility:ExtractStackTrace ()
UnityEngine.RenderTexture:set_active (UnityEngine.RenderTexture)
UnityEditor.SpriteInspector:BuildPreviewTexture (UnityEngine.Sprite,UnityEngine.Material,bool,int,int,UnityEngine.Color,UnityEngine.Matrix4x4)
UnityEditor.SpriteInspector:BuildPreviewTexture (UnityEngine.Sprite,UnityEngine.Material,bool,int,int)
UnityEditor.SpriteInspector:RenderStaticPreview (string,UnityEngine.Object[],int,int)
UnityEditor.AssetPreviewUpdater:CreatePreview (UnityEngine.Object,UnityEngine.Object[],string,int,int)
UnityEditor.AssetPreviewUpdater:CreatePreviewForAsset (UnityEngine.Object,UnityEngine.Object[],string)

[C:\build\output\unity\unity\Runtime\Graphics\RenderTexture.cpp line 1149]

Requested RenderTexture with sRGB format. sRGB formats are not supported in gamma mode, fallback to a UNorm format. Use a UNorm format instead of sRGB to silence this warning.
UnityEngine.StackTraceUtility:ExtractStackTrace ()
UnityEngine.RenderTexture:set_active (UnityEngine.RenderTexture)
UnityEditor.SpriteInspector:BuildPreviewTexture (UnityEngine.Sprite,UnityEngine.Material,bool,int,int,UnityEngine.Color,UnityEngine.Matrix4x4)
UnityEditor.SpriteInspector:BuildPreviewTexture (UnityEngine.Sprite,UnityEngine.Material,bool,int,int)
UnityEditor.SpriteInspector:RenderStaticPreview (string,UnityEngine.Object[],int,int)
UnityEditor.AssetPreviewUpdater:CreatePreview (UnityEngine.Object,UnityEngine.Object[],string,int,int)
UnityEditor.AssetPreviewUpdater:CreatePreviewForAsset (UnityEngine.Object,UnityEngine.Object[],string)

[C:\build\output\unity\unity\Runtime\Graphics\RenderTexture.cpp line 1149]

Requested RenderTexture with sRGB format. sRGB formats are not supported in gamma mode, fallback to a UNorm format. Use a UNorm format instead of sRGB to silence this warning.
UnityEngine.StackTraceUtility:ExtractStackTrace ()
UnityEngine.RenderTexture:set_active (UnityEngine.RenderTexture)
UnityEditor.SpriteInspector:BuildPreviewTexture (UnityEngine.Sprite,UnityEngine.Material,bool,int,int,UnityEngine.Color,UnityEngine.Matrix4x4)
UnityEditor.SpriteInspector:BuildPreviewTexture (UnityEngine.Sprite,UnityEngine.Material,bool,int,int)
UnityEditor.SpriteInspector:RenderStaticPreview (string,UnityEngine.Object[],int,int)
UnityEditor.AssetPreviewUpdater:CreatePreview (UnityEngine.Object,UnityEngine.Object[],string,int,int)
UnityEditor.AssetPreviewUpdater:CreatePreviewForAsset (UnityEngine.Object,UnityEngine.Object[],string)

[C:\build\output\unity\unity\Runtime\Graphics\RenderTexture.cpp line 1149]

Requested RenderTexture with sRGB format. sRGB formats are not supported in gamma mode, fallback to a UNorm format. Use a UNorm format instead of sRGB to silence this warning.
UnityEngine.StackTraceUtility:ExtractStackTrace ()
UnityEngine.RenderTexture:set_active (UnityEngine.RenderTexture)
UnityEditor.SpriteInspector:BuildPreviewTexture (UnityEngine.Sprite,UnityEngine.Material,bool,int,int,UnityEngine.Color,UnityEngine.Matrix4x4)
UnityEditor.SpriteInspector:BuildPreviewTexture (UnityEngine.Sprite,UnityEngine.Material,bool,int,int)
UnityEditor.SpriteInspector:RenderStaticPreview (string,UnityEngine.Object[],int,int)
UnityEditor.AssetPreviewUpdater:CreatePreview (UnityEngine.Object,UnityEngine.Object[],string,int,int)
UnityEditor.AssetPreviewUpdater:CreatePreviewForAsset (UnityEngine.Object,UnityEngine.Object[],string)

[C:\build\output\unity\unity\Runtime\Graphics\RenderTexture.cpp line 1149]

Requested RenderTexture with sRGB format. sRGB formats are not supported in gamma mode, fallback to a UNorm format. Use a UNorm format instead of sRGB to silence this warning.
UnityEngine.StackTraceUtility:ExtractStackTrace ()
UnityEngine.RenderTexture:set_active (UnityEngine.RenderTexture)
UnityEditor.SpriteInspector:BuildPreviewTexture (UnityEngine.Sprite,UnityEngine.Material,bool,int,int,UnityEngine.Color,UnityEngine.Matrix4x4)
UnityEditor.SpriteInspector:BuildPreviewTexture (UnityEngine.Sprite,UnityEngine.Material,bool,int,int)
UnityEditor.SpriteInspector:RenderStaticPreview (string,UnityEngine.Object[],int,int)
UnityEditor.AssetPreviewUpdater:CreatePreview (UnityEngine.Object,UnityEngine.Object[],string,int,int)
UnityEditor.AssetPreviewUpdater:CreatePreviewForAsset (UnityEngine.Object,UnityEngine.Object[],string)

[C:\build\output\unity\unity\Runtime\Graphics\RenderTexture.cpp line 1149]

 -> (artifact id: 'ed98a7a2eba89f771808b220bd8be10b') in 0.289982 seconds
Number of updated asset objects reloaded before import = 0
Number of asset objects unloaded after import = 50
Editor requested this worker to shutdown with reason: Scaling down because of idle timeout
TcpMessagingSession - receive error: operation aborted. errorcode: 995, details: The I/O operation has been aborted because of either a thread exit or an application request.
AssetImportWorker is now disconnected from the server
Process exiting
Exiting without the bug reporter. Application will terminate with return code 0